<?xml version="1.0" encoding="UTF-8"?>
<!-- Generated by org.testng.reporters.JUnitReportReporter -->
<testsuite skipped="0" hostname="DESKTOP-3SUJPVT" name="Primus_LoginTest" tests="2" failures="0" timestamp="05 Jan 2019 06:36:53 GMT" time="68.857" errors="0">
  <testcase name="loginTest" time="32.941" classname="Primus_LoginTest"/>
  <testcase name="homepageTest" time="35.916" classname="Primus_LoginTest"/>
</testsuite> <!-- Primus_LoginTest -->
